<?xml version="1.0" encoding="UTF-8"?>
<!-- Generated by org.testng.reporters.JUnitReportReporter -->
<testsuite hostname="DESKTOP-L88NPJT" failures="0" tests="1" name="StockAccounting.TestNGlogoutdetails" time="12.481" errors="0" timestamp="2024-09-06T11:24:38 GMT-04:00" skipped="0">
  <testcase classname="StockAccounting.TestNGlogoutdetails" name="setup" time="12.481"/>
</testsuite> <!-- StockAccounting.TestNGlogoutdetails -->
