<?xml version="1.0" encoding="UTF-8"?>
<!-- Generated by org.testng.reporters.JUnitReportReporter -->
<testsuite hostname="DESKTOP-L88NPJT" failures="0" tests="2" name="Sceenshottaken.TestNGFailedtestcase" time="15.237" errors="0" timestamp="2024-09-06T17:32:18 GMT-04:00" skipped="0">
  <testcase classname="Sceenshottaken.TestNGFailedtestcase" name="screenshot" time="0.622"/>
  <testcase classname="Sceenshottaken.TestNGFailedtestcase" name="maintestcase" time="14.615"/>
</testsuite> <!-- Sceenshottaken.TestNGFailedtestcase -->
